<?xml version="1.0" encoding="UTF-8"?>
<!-- Generated by org.testng.reporters.JUnitXMLReporter -->
<testsuite ignored="0" hostname="LAPTOP-5CE6SGRN" failures="0" tests="4" name="Default test" time="5.772" errors="0" timestamp="2023-01-06T19:02:46 IST">
  <testcase classname="mavenproject12.mavendummy" name="dtest5" time="5.721"/>
  <testcase classname="mavenproject12.mavendummy" name="atest1" time="0.002"/>
  <testcase classname="mavenproject12.mavendummy" name="btest2" time="0.001"/>
  <testcase classname="mavenproject12.mavendummy" name="ctest3" time="0.003"/>
</testsuite> <!-- Default test -->
