<?xml version="1.0" encoding="UTF-8"?>
<testng-results ignored="0" total="4" passed="4" failed="0" skipped="0">
  <reporter-output>
  </reporter-output>
  <suite started-at="2023-01-06T19:02:40 IST" name="Default suite" finished-at="2023-01-06T19:02:46 IST" duration-ms="5772">
    <groups>
    </groups>
    <test started-at="2023-01-06T19:02:40 IST" name="Default test" finished-at="2023-01-06T19:02:46 IST" duration-ms="5772">
      <class name="mavenproject12.mavendummy">
        <test-method signature="dtest5()[pri:0, instance:mavenproject12.mavendummy@6379eb]" started-at="2023-01-06T19:02:40 IST" name="dtest5" finished-at="2023-01-06T19:02:46 IST" duration-ms="5721" status="PASS">
          <reporter-output>
          </reporter-output>
        </test-method> <!-- dtest5 -->
        <test-method signature="atest1()[pri:1, instance:mavenproject12.mavendummy@6379eb]" started-at="2023-01-06T19:02:46 IST" name="atest1" finished-at="2023-01-06T19:02:46 IST" duration-ms="2" status="PASS">
          <reporter-output>
          </reporter-output>
        </test-method> <!-- atest1 -->
        <test-method signature="btest2()[pri:2, instance:mavenproject12.mavendummy@6379eb]" started-at="2023-01-06T19:02:46 IST" name="btest2" finished-at="2023-01-06T19:02:46 IST" duration-ms="1" status="PASS">
          <reporter-output>
          </reporter-output>
        </test-method> <!-- btest2 -->
        <test-method signature="ctest3()[pri:3, instance:mavenproject12.mavendummy@6379eb]" started-at="2023-01-06T19:02:46 IST" name="ctest3" finished-at="2023-01-06T19:02:46 IST" duration-ms="3" status="PASS">
          <reporter-output>
          </reporter-output>
        </test-method> <!-- ctest3 -->
      </class> <!-- mavenproject12.mavendummy -->
    </test> <!-- Default test -->
  </suite> <!-- Default suite -->
</testng-results>
