<?xml version="1.0" encoding="UTF-8"?>
<testng-results ignored="0" total="1" passed="1" failed="0" skipped="0">
  <reporter-output>
  </reporter-output>
  <suite started-at="2023-01-06T18:37:39 IST" name="Default suite" finished-at="2023-01-06T18:37:43 IST" duration-ms="3828">
    <groups>
    </groups>
    <test started-at="2023-01-06T18:37:39 IST" name="Default test" finished-at="2023-01-06T18:37:43 IST" duration-ms="3828">
      <class name="google.Googleopen">
        <test-method signature="test()[pri:0, instance:google.Googleopen@1725dc0f]" started-at="2023-01-06T18:37:39 IST" name="test" finished-at="2023-01-06T18:37:43 IST" duration-ms="3800" status="PASS">
          <reporter-output>
          </reporter-output>
        </test-method> <!-- test -->
      </class> <!-- google.Googleopen -->
    </test> <!-- Default test -->
  </suite> <!-- Default suite -->
</testng-results>
