<?xml version="1.0" encoding="UTF-8"?>
<!-- Generated by org.testng.reporters.JUnitXMLReporter -->
<testsuite ignored="0" hostname="DESKTOP-IB9TR0S" failures="0" tests="3" name="Default test" time="27.489" errors="0" timestamp="2021-08-16T17:42:09 IST">
  <testcase classname="POM_Annotation.PomWithAnnotation" name="browser" time="8.538"/>
  <testcase classname="POM_Annotation.PomWithAnnotation" name="login" time="8.686"/>
  <testcase classname="POM_Annotation.PomWithAnnotation" name="close" time="10.203"/>
</testsuite> <!-- Default test -->
